[    0.000000] Linux version 4.15.0-51-generic (buildd@lgw01-amd64-059) (gcc version 7.3.0 (Ubuntu 7.3.0-16ubuntu3)) #55-Ubuntu SMP Wed May 15 14:27:21 UTC 2019 (Ubuntu 4.15.0-51.55-generic 4.15.18)
[    0.000000] Command line: BOOT_IMAGE=/boot/vmlinuz-4.15.0-51-generic root=LABEL=cloudimg-rootfs ro console=tty1 console=ttyS0
[    0.000000] KERNEL supported cpus:
[    0.000000]   Intel GenuineIntel
[    0.000000]   AMD AuthenticAMD
[    0.000000]   Centaur CentaurHauls
[    0.000000] x86/fpu: x87 FPU will use FXSAVE
[    0.000000] e820: BIOS-provided physical RAM map:
[    0.000000] BIOS-e820: [mem 0x0000000000000000-0x000000000009fbff] usable
[    0.000000] BIOS-e820: [mem 0x000000000009fc00-0x000000000009ffff] reserved
[    0.000000] BIOS-e820: [mem 0x00000000000f0000-0x00000000000fffff] reserved
[    0.000000] BIOS-e820: [mem 0x0000000000100000-0x000000003ffeffff] usable
[    0.000000] BIOS-e820: [mem 0x000000003fff0000-0x000000003fffffff] ACPI data
[    0.000000] BIOS-e820: [mem 0x00000000fec00000-0x00000000fec00fff] reserved
[    0.000000] BIOS-e820: [mem 0x00000000fee00000-0x00000000fee00fff] reserved
[    0.000000] BIOS-e820: [mem 0x00000000fffc0000-0x00000000ffffffff] reserved
[    0.000000] NX (Execute Disable) protection: active
[    0.000000] SMBIOS 2.5 present.
[    0.000000] DMI: innotek GmbH VirtualBox/VirtualBox, BIOS VirtualBox 12/01/2006
[    0.000000] Hypervisor detected: KVM
[    0.000000] e820: last_pfn = 0x3fff0 max_arch_pfn = 0x400000000
[    0.000000] MTRR: Disabled
[    0.000000] x86/PAT: MTRRs disabled, skipping PAT initialization too.
[    0.000000] CPU MTRRs all blank - virtualized system.
[    0.000000] x86/PAT: Configuration [0-7]: WB  WT  UC- UC  WB  WT  UC- UC  
[    0.000000] found SMP MP-table at [mem 0x0009fff0-0x0009ffff] mapped at [        (ptrval)]
[    0.000000] Scanning 1 areas for low memory corruption
[    0.000000] RAMDISK: [mem 0x35a95000-0x36d41fff]
[    0.000000] ACPI: Early table checksum verification disabled
[    0.000000] ACPI: RSDP 0x00000000000E0000 000024 (v02 VBOX  )
[    0.000000] ACPI: XSDT 0x000000003FFF0030 00003C (v01 VBOX   VBOXXSDT 00000001 ASL  00000061)
[    0.000000] ACPI: FACP 0x000000003FFF00F0 0000F4 (v04 VBOX   VBOXFACP 00000001 ASL  00000061)
[    0.000000] ACPI: DSDT 0x000000003FFF0470 002325 (v02 VBOX   VBOXBIOS 00000002 INTL 20190509)
[    0.000000] ACPI: FACS 0x000000003FFF0200 000040
[    0.000000] ACPI: FACS 0x000000003FFF0200 000040
[    0.000000] ACPI: APIC 0x000000003FFF0240 00005C (v02 VBOX   VBOXAPIC 00000001 ASL  00000061)
[    0.000000] ACPI: SSDT 0x000000003FFF02A0 0001CC (v01 VBOX   VBOXCPUT 00000002 INTL 20190509)
[    0.000000] No NUMA configuration found
[    0.000000] Faking a node at [mem 0x0000000000000000-0x000000003ffeffff]
[    0.000000] NODE_DATA(0) allocated [mem 0x3ffc5000-0x3ffeffff]
[    0.000000] kvm-clock: cpu 0, msr 0:3ff44001, primary cpu clock
[    0.000000] kvm-clock: Using msrs 4b564d01 and 4b564d00
[    0.000000] kvm-clock: using sched offset of 4198984812 cycles
[    0.000000] clocksource: kvm-clock: mask: 0xffffffffffffffff max_cycles: 0x1cd42e4dffb, max_idle_ns: 881590591483 ns
[    0.000000] Zone ranges:
[    0.000000]   DMA      [mem 0x0000000000001000-0x0000000000ffffff]
[    0.000000]   DMA32    [mem 0x0000000001000000-0x000000003ffeffff]
[    0.000000]   Normal   empty
[    0.000000]   Device   empty
[    0.000000] Movable zone start for each node
[    0.000000] Early memory node ranges
[    0.000000]   node   0: [mem 0x0000000000001000-0x000000000009efff]
[    0.000000]   node   0: [mem 0x0000000000100000-0x000000003ffeffff]
[    0.000000] Reserved but unavailable: 114 pages
[    0.000000] Initmem setup node 0 [mem 0x0000000000001000-0x000000003ffeffff]
[    0.000000] ACPI: PM-Timer IO Port: 0x4008
[    0.000000] IOAPIC[0]: apic_id 2, version 32, address 0xfec00000, GSI 0-23
[    0.000000] ACPI: INT_SRC_OVR (bus 0 bus_irq 0 global_irq 2 dfl dfl)
[    0.000000] ACPI: INT_SRC_OVR (bus 0 bus_irq 9 global_irq 9 low level)
[    0.000000] Using ACPI (MADT) for SMP configuration information
[    0.000000] smpboot: Allowing 2 CPUs, 0 hotplug CPUs
[    0.000000] PM: Registered nosave memory: [mem 0x00000000-0x00000fff]
[    0.000000] PM: Registered nosave memory: [mem 0x0009f000-0x0009ffff]
[    0.000000] PM: Registered nosave memory: [mem 0x000a0000-0x000effff]
[    0.000000] PM: Registered nosave memory: [mem 0x000f0000-0x000fffff]
[    0.000000] e820: [mem 0x40000000-0xfebfffff] available for PCI devices
[    0.000000] Booting paravirtualized kernel on KVM
[    0.000000] clocksource: refined-jiffies: mask: 0xffffffff max_cycles: 0xffffffff, max_idle_ns: 7645519600211568 ns
[    0.000000] random: get_random_bytes called from start_kernel+0x99/0x4fd with crng_init=0
[    0.000000] setup_percpu: NR_CPUS:8192 nr_cpumask_bits:2 nr_cpu_ids:2 nr_node_ids:1
[    0.000000] percpu: Embedded 46 pages/cpu @        (ptrval) s151552 r8192 d28672 u1048576
[    0.000000] PV qspinlock hash table entries: 256 (order: 0, 4096 bytes)
[    0.000000] Built 1 zonelists, mobility grouping on.  Total pages: 257913
[    0.000000] Policy zone: DMA32
[    0.000000] Kernel command line: BOOT_IMAGE=/boot/vmlinuz-4.15.0-51-generic root=LABEL=cloudimg-rootfs ro console=tty1 console=ttyS0
[    0.000000] Memory: 983460K/1048120K available (12300K kernel code, 2473K rwdata, 4272K rodata, 2408K init, 2416K bss, 64660K reserved, 0K cma-reserved)
[    0.000000] SLUB: HWalign=64, Order=0-3, MinObjects=0, CPUs=2, Nodes=1
[    0.000000] Kernel/User page tables isolation: enabled
[    0.000000] ftrace: allocating 39215 entries in 154 pages
[    0.004000] Hierarchical RCU implementation.
[    0.004000] 	RCU restricting CPUs from NR_CPUS=8192 to nr_cpu_ids=2.
[    0.004000] 	Tasks RCU enabled.
[    0.004000] RCU: Adjusting geometry for rcu_fanout_leaf=16, nr_cpu_ids=2
[    0.004000] NR_IRQS: 524544, nr_irqs: 440, preallocated irqs: 16
[    0.004000] Console: colour VGA+ 80x25
[    0.004000] console [tty1] enabled
[    0.004000] console [ttyS0] enabled
[    0.004000] ACPI: Core revision 20170831
[    0.004000] ACPI: 2 ACPI AML tables successfully acquired and loaded
[    0.004000] APIC: Switch to symmetric I/O mode setup
[    0.004000] x2apic enabled
[    0.004000] Switched APIC routing to physical x2apic.
[    0.004000] ..TIMER: vector=0x30 apic1=0 pin1=2 apic2=-1 pin2=-1
[    0.004007] tsc: Detected 3191.978 MHz processor
[    0.004985] Calibrating delay loop (skipped) preset value.. 6383.95 BogoMIPS (lpj=12767912)
[    0.005680] pid_max: default: 32768 minimum: 301
[    0.008031] Security Framework initialized
[    0.009000] Yama: becoming mindful.
[    0.009820] AppArmor: AppArmor initialized
[    0.011771] Dentry cache hash table entries: 131072 (order: 8, 1048576 bytes)
[    0.012118] Inode-cache hash table entries: 65536 (order: 7, 524288 bytes)
[    0.016019] Mount-cache hash table entries: 2048 (order: 2, 16384 bytes)
[    0.017609] Mountpoint-cache hash table entries: 2048 (order: 2, 16384 bytes)
[    0.019454] mce: CPU supports 0 MCE banks
[    0.020022] Last level iTLB entries: 4KB 512, 2MB 7, 4MB 7
[    0.021147] Last level dTLB entries: 4KB 512, 2MB 32, 4MB 32, 1GB 0
[    0.022389] Spectre V2 : Mitigation: Full generic retpoline
[    0.024002] Spectre V2 : Spectre v2 / SpectreRSB mitigation: Filling RSB on context switch
[    0.025822] Speculative Store Bypass: Vulnerable
[    0.026874] MDS: Vulnerable: Clear CPU buffers attempted, no microcode
[    0.028114] Freeing SMP alternatives memory: 36K
[    0.032000] smpboot: CPU0: Intel(R) Core(TM) i5 CPU         650  @ 3.20GHz (family: 0x6, model: 0x25, stepping: 0x5)
[    0.032000] Performance Events: unsupported p6 CPU model 37 no PMU driver, software events only.
[    0.032000] Hierarchical SRCU implementation.
[    0.032578] NMI watchdog: Perf event create on CPU 0 failed with -2
[    0.033787] NMI watchdog: Perf NMI watchdog permanently disabled
[    0.035006] smp: Bringing up secondary CPUs ...
[    0.036290] x86: Booting SMP configuration:
[    0.037260] .... node  #0, CPUs:      #1
[    0.004000] kvm-clock: cpu 1, msr 0:3ff44041, secondary cpu clock
[    0.004000] mce: CPU supports 0 MCE banks
[    0.042527] smp: Brought up 1 node, 2 CPUs
[    0.042527] smpboot: Max logical packages: 1
[    0.044013] smpboot: Total of 2 processors activated (12767.91 BogoMIPS)
[    0.045517] devtmpfs: initialized
[    0.045517] x86/mm: Memory block size: 128MB
[    0.045773] evm: security.selinux
[    0.048009] evm: security.SMACK64
[    0.048693] evm: security.SMACK64EXEC
[    0.049430] evm: security.SMACK64TRANSMUTE
[    0.050477] evm: security.SMACK64MMAP
[    0.051359] evm: security.apparmor
[    0.052010] evm: security.ima
[    0.052754] evm: security.capability
[    0.053702] clocksource: jiffies: mask: 0xffffffff max_cycles: 0xffffffff, max_idle_ns: 7645041785100000 ns
[    0.056028] futex hash table entries: 512 (order: 3, 32768 bytes)
[    0.057554] pinctrl core: initialized pinctrl subsystem
[    0.060233] RTC time: 21:15:56, date: 08/31/20
[    0.061545] NET: Registered protocol family 16
[    0.062620] audit: initializing netlink subsys (disabled)
[    0.064075] audit: type=2000 audit(1598908562.160:1): state=initialized audit_enabled=0 res=1
[    0.065469] cpuidle: using governor ladder
[    0.065469] cpuidle: using governor menu
[    0.065674] ACPI: bus type PCI registered
[    0.068013] acpiphp: ACPI Hot Plug PCI Controller Driver version: 0.5
[    0.069506] PCI: Using configuration type 1 for base access
[    0.072692] HugeTLB registered 2.00 MiB page size, pre-allocated 0 pages
[    0.073729] ACPI: Added _OSI(Module Device)
[    0.076006] ACPI: Added _OSI(Processor Device)
[    0.077130] ACPI: Added _OSI(3.0 _SCP Extensions)
[    0.078198] ACPI: Added _OSI(Processor Aggregator Device)
[    0.079445] ACPI: Added _OSI(Linux-Dell-Video)
[    0.080006] ACPI: Added _OSI(Linux-Lenovo-NV-HDMI-Audio)
[    0.081344] ACPI: Added _OSI(Linux-HPI-Hybrid-Graphics)
[    0.084142] ACPI: Executed 1 blocks of module-level executable AML code
[    0.092148] ACPI: Interpreter enabled
[    0.093042] ACPI: (supports S0 S5)
[    0.094013] ACPI: Using IOAPIC for interrupt routing
[    0.095627] PCI: Using host bridge windows from ACPI; if necessary, use "pci=nocrs" and report a bug
[    0.096179] ACPI: Enabled 2 GPEs in block 00 to 07
[    0.110588] ACPI: PCI Root Bridge [PCI0] (domain 0000 [bus 00-ff])
[    0.112014] acpi PNP0A03:00: _OSC: OS supports [ASPM ClockPM Segments MSI]
[    0.114581] acpi PNP0A03:00: _OSC: not requesting OS control; OS requires [ExtendedConfig ASPM ClockPM MSI]
[    0.116022] acpi PNP0A03:00: fail to add MMCONFIG information, can't access extended PCI configuration space under this bridge.
[    0.120483] PCI host bridge to bus 0000:00
[    0.121141] pci_bus 0000:00: root bus resource [io  0x0000-0x0cf7 window]
[    0.122099] pci_bus 0000:00: root bus resource [io  0x0d00-0xffff window]
[    0.123103] pci_bus 0000:00: root bus resource [mem 0x000a0000-0x000bffff window]
[    0.124004] pci_bus 0000:00: root bus resource [mem 0x40000000-0xfdffffff window]
[    0.125098] pci_bus 0000:00: root bus resource [bus 00-ff]
[    0.127565] pci 0000:00:01.1: legacy IDE quirk: reg 0x10: [io  0x01f0-0x01f7]
[    0.128004] pci 0000:00:01.1: legacy IDE quirk: reg 0x14: [io  0x03f6]
[    0.128945] pci 0000:00:01.1: legacy IDE quirk: reg 0x18: [io  0x0170-0x0177]
[    0.130330] pci 0000:00:01.1: legacy IDE quirk: reg 0x1c: [io  0x0376]
[    0.158178] pci 0000:00:07.0: quirk: [io  0x4000-0x403f] claimed by PIIX4 ACPI
[    0.159904] pci 0000:00:07.0: quirk: [io  0x4100-0x410f] claimed by PIIX4 SMB
[    0.188404] ACPI: PCI Interrupt Link [LNKA] (IRQs 5 9 10 *11)
[    0.190355] ACPI: PCI Interrupt Link [LNKB] (IRQs 5 9 *10 11)
[    0.192218] ACPI: PCI Interrupt Link [LNKC] (IRQs 5 *9 10 11)
[    0.193726] ACPI: PCI Interrupt Link [LNKD] (IRQs 5 9 10 *11)
[    0.196175] SCSI subsystem initialized
[    0.197155] pci 0000:00:02.0: vgaarb: setting as boot VGA device
[    0.197155] pci 0000:00:02.0: vgaarb: VGA device added: decodes=io+mem,owns=io+mem,locks=none
[    0.198224] pci 0000:00:02.0: vgaarb: bridge control possible
[    0.200009] vgaarb: loaded
[    0.200546] ACPI: bus type USB registered
[    0.201255] usbcore: registered new interface driver usbfs
[    0.202143] usbcore: registered new interface driver hub
[    0.202968] usbcore: registered new device driver usb
[    0.204080] EDAC MC: Ver: 3.0.0
[    0.204816] PCI: Using ACPI for IRQ routing
[    0.205052] NetLabel: Initializing
[    0.205591] NetLabel:  domain hash size = 128
[    0.206285] NetLabel:  protocols = UNLABELED CIPSOv4 CALIPSO
[    0.208019] NetLabel:  unlabeled traffic allowed by default
[    0.208903] clocksource: Switched to clocksource kvm-clock
[    0.222403] VFS: Disk quotas dquot_6.6.0
[    0.223155] VFS: Dquot-cache hash table entries: 512 (order 0, 4096 bytes)
[    0.224334] AppArmor: AppArmor Filesystem Enabled
[    0.225179] pnp: PnP ACPI init
[    0.226832] pnp: PnP ACPI: found 3 devices
[    0.239366] clocksource: acpi_pm: mask: 0xffffff max_cycles: 0xffffff, max_idle_ns: 2085701024 ns
[    0.240933] NET: Registered protocol family 2
[    0.242940] TCP established hash table entries: 8192 (order: 4, 65536 bytes)
[    0.244213] TCP bind hash table entries: 8192 (order: 5, 131072 bytes)
[    0.245236] TCP: Hash tables configured (established 8192 bind 8192)
[    0.246333] UDP hash table entries: 512 (order: 2, 16384 bytes)
[    0.247310] UDP-Lite hash table entries: 512 (order: 2, 16384 bytes)
[    0.248410] NET: Registered protocol family 1
[    0.249151] pci 0000:00:00.0: Limiting direct PCI/PCI transfers
[    0.250166] pci 0000:00:01.0: Activating ISA DMA hang workarounds
[    0.251202] pci 0000:00:02.0: Video device with shadowed ROM at [mem 0x000c0000-0x000dffff]
[    0.252711] Unpacking initramfs...
[    0.525344] Freeing initrd memory: 19124K
[    0.526231] clocksource: tsc: mask: 0xffffffffffffffff max_cycles: 0x2e02aff4ae6, max_idle_ns: 440795229291 ns
[    0.527788] platform rtc_cmos: registered platform RTC device (no PNP device found)
[    0.529030] Scanning for low memory corruption every 60 seconds
[    0.530989] Initialise system trusted keyrings
[    0.531774] Key type blacklist registered
[    0.532708] workingset: timestamp_bits=36 max_order=18 bucket_order=0
[    0.534649] zbud: loaded
[    0.535801] squashfs: version 4.0 (2009/01/31) Phillip Lougher
[    0.537425] fuse init (API version 7.26)
[    0.541746] Key type asymmetric registered
[    0.542469] Asymmetric key parser 'x509' registered
[    0.543332] Block layer SCSI generic (bsg) driver version 0.4 loaded (major 246)
[    0.544819] io scheduler noop registered
[    0.545557] io scheduler deadline registered
[    0.546441] io scheduler cfq registered (default)
[    0.547750] ACPI: AC Adapter [AC] (on-line)
[    0.548672] input: Power Button as /devices/LNXSYSTM:00/LNXPWRBN:00/input/input0
[    0.550134] ACPI: Power Button [PWRF]
[    0.550765] input: Sleep Button as /devices/LNXSYSTM:00/LNXSLPBN:00/input/input1
[    0.551955] ACPI: Sleep Button [SLPF]
[    0.553377] Serial: 8250/16550 driver, 32 ports, IRQ sharing enabled
[    0.575075] 00:02: ttyS0 at I/O 0x3f8 (irq = 4, base_baud = 115200) is a 16550A
[    0.580790] Linux agpgart interface v0.103
[    0.583030] loop: module loaded
[    0.584165] scsi host0: ata_piix
[    0.584995] scsi host1: ata_piix
[    0.585540] ata1: PATA max UDMA/33 cmd 0x1f0 ctl 0x3f6 bmdma 0xd000 irq 14
[    0.586559] ata2: PATA max UDMA/33 cmd 0x170 ctl 0x376 bmdma 0xd008 irq 15
[    0.587657] libphy: Fixed MDIO Bus: probed
[    0.588581] tun: Universal TUN/TAP device driver, 1.6
[    0.590663] PPP generic driver version 2.4.2
[    0.592229] ehci_hcd: USB 2.0 'Enhanced' Host Controller (EHCI) Driver
[    0.593450] ehci-pci: EHCI PCI platform driver
[    0.594358] ehci-platform: EHCI generic platform driver
[    0.595375] ohci_hcd: USB 1.1 'Open' Host Controller (OHCI) Driver
[    0.596843] ohci-pci: OHCI PCI platform driver
[    0.598132] ohci-platform: OHCI generic platform driver
[    0.599541] uhci_hcd: USB Universal Host Controller Interface driver
[    0.600735] i8042: PNP: PS/2 Controller [PNP0303:PS2K,PNP0f03:PS2M] at 0x60,0x64 irq 1,12
[    0.602345] serio: i8042 KBD port at 0x60,0x64 irq 1
[    0.603113] serio: i8042 AUX port at 0x60,0x64 irq 12
[    0.604147] mousedev: PS/2 mouse device common for all mice
[    0.606226] rtc_cmos rtc_cmos: rtc core: registered rtc_cmos as rtc0
[    0.607241] rtc_cmos rtc_cmos: alarms up to one day, 114 bytes nvram
[    0.608397] input: AT Translated Set 2 keyboard as /devices/platform/i8042/serio0/input/input2
[    0.609991] i2c /dev entries driver
[    0.610760] device-mapper: uevent: version 1.0.3
[    0.611800] device-mapper: ioctl: 4.37.0-ioctl (2017-09-20) initialised: dm-devel@redhat.com
[    0.613294] ledtrig-cpu: registered to indicate activity on CPUs
[    0.614765] NET: Registered protocol family 10
[    0.622901] Segment Routing with IPv6
[    0.623639] NET: Registered protocol family 17
[    0.624574] Key type dns_resolver registered
[    0.625860] RAS: Correctable Errors collector initialized.
[    0.627039] sched_clock: Marking stable (625799285, 0)->(890431982, -264632697)
[    0.629373] registered taskstats version 1
[    0.630294] Loading compiled-in X.509 certificates
[    0.634537] Loaded X.509 cert 'Build time autogenerated kernel key: c1fa4cde9d34780ae4ae655b856adc042b663c06'
[    0.636542] zswap: loaded using pool lzo/zbud
[    0.641682] Key type big_key registered
[    0.642522] Key type trusted registered
[    0.645804] Key type encrypted registered
[    0.646540] AppArmor: AppArmor sha1 policy hashing enabled
[    0.647480] ima: No TPM chip found, activating TPM-bypass! (rc=-19)
[    0.648801] ima: Allocated hash algorithm: sha1
[    0.649754] evm: HMAC attrs: 0x1
[    0.650865]   Magic number: 0:292:299
[    0.651789] rtc_cmos rtc_cmos: setting system clock to 2020-08-31 21:15:57 UTC (1598908557)
[    0.653820] BIOS EDD facility v0.16 2004-Jun-25, 0 devices found
[    0.655004] EDD information not available.
[    0.775512] Freeing unused kernel image memory: 2408K
[    0.784199] Write protecting the kernel read-only data: 20480k
[    0.786450] Freeing unused kernel image memory: 2008K
[    0.788220] Freeing unused kernel image memory: 1872K
[    0.800420] x86/mm: Checked W+X mappings: passed, no W+X pages found.
[    0.802406] x86/mm: Checking user space page tables
[    0.811661] x86/mm: Checked W+X mappings: passed, no W+X pages found.
Loading, please wait...
starting version 237
[    0.912026] e1000: Intel(R) PRO/1000 Network Driver - version 7.3.21-k8-NAPI
[    0.913485] e1000: Copyright (c) 1999-2006 Intel Corporation.
[    0.915753] Fusion MPT base driver 3.04.20
[    0.916551] Copyright (c) 1999-2008 LSI Corporation
[    0.921293] Fusion MPT SPI Host driver 3.04.20
[    0.938070] SSE version of gcm_enc/dec engaged.
[    1.129425] input: ImExPS/2 Generic Explorer Mouse as /devices/platform/i8042/serio1/input/input4
[    1.299298] e1000 0000:00:03.0 eth0: (PCI:33MHz:32-bit) 02:44:a0:33:03:e1
[    1.300729] e1000 0000:00:03.0 eth0: Intel(R) PRO/1000 Network Connection
[    1.675087] e1000 0000:00:08.0 eth1: (PCI:33MHz:32-bit) 08:00:27:60:3d:fa
[    1.676548] e1000 0000:00:08.0 eth1: Intel(R) PRO/1000 Network Connection
[    1.678786] mptbase: ioc0: Initiating bringup
[    3.297935] ioc0: LSI53C1030 A0: Capabilities={Initiator}
[    8.078341] scsi host2: ioc0: LSI53C1030 A0, FwRev=00000000h, Ports=1, MaxQ=256, IRQ=20
[   12.052903] scsi 2:0:0:0: Direct-Access     VBOX     HARDDISK         1.0  PQ: 0 ANSI: 5
[   12.096101] scsi target2:0:0: Beginning Domain Validation
[   12.099480] scsi target2:0:0: Domain Validation skipping write tests
[   12.101223] scsi target2:0:0: Ending Domain Validation
[   12.102716] scsi target2:0:0: asynchronous
[   12.104930] scsi 2:0:1:0: Direct-Access     VBOX     HARDDISK         1.0  PQ: 0 ANSI: 5
[   12.426095] scsi target2:0:1: Beginning Domain Validation
[   12.429053] random: fast init done
[   12.430092] scsi target2:0:1: Domain Validation skipping write tests
[   12.431599] scsi target2:0:1: Ending Domain Validation
[   12.433636] scsi target2:0:1: asynchronous
[   12.440974] sd 2:0:0:0: [sda] 20971520 512-byte logical blocks: (10.7 GB/10.0 GiB)
[   12.442188] random: systemd-udevd: uninitialized urandom read (16 bytes read)
[   12.442218] random: systemd-udevd: uninitialized urandom read (16 bytes read)
[   12.442224] random: systemd-udevd: uninitialized urandom read (16 bytes read)
[   12.443021] e1000 0000:00:09.0 eth2: (PCI:33MHz:32-bit) 08:00:27:68:4f:6a
[   12.443030] e1000 0000:00:09.0 eth2: Intel(R) PRO/1000 Network Connection
[   12.447942] e1000 0000:00:03.0 enp0s3: renamed from eth0
[   12.454320] sd 2:0:0:0: Attached scsi generic sg0 type 0
[   12.454593] sd 2:0:0:0: [sda] Write Protect is off
[   12.454725] sd 2:0:0:0: [sda] Incomplete mode parameter data
[   12.454727] sd 2:0:0:0: [sda] Assuming drive cache: write through
[   12.460854] e1000 0000:00:08.0 enp0s8: renamed from eth1
[   12.466164]  sda: sda1
[   12.466920] sd 2:0:1:0: Attached scsi generic sg1 type 0
[   12.467944] sd 2:0:1:0: [sdb] 20480 512-byte logical blocks: (10.5 MB/10.0 MiB)
[   12.468484] sd 2:0:0:0: [sda] Attached SCSI disk
[   12.470405] sd 2:0:1:0: [sdb] Write Protect is off
[   12.471470] sd 2:0:1:0: [sdb] Incomplete mode parameter data
[   12.472629] sd 2:0:1:0: [sdb] Assuming drive cache: write through
[   12.492429] e1000 0000:00:09.0 enp0s9: renamed from eth2
[   12.521573] sd 2:0:1:0: [sdb] Attached SCSI disk
Begin: Loading essential drivers ... [   14.055847] raid6: sse2x1   gen()  8707 MB/s
[   14.115781] raid6: sse2x1   xor()  6384 MB/s
[   14.175786] raid6: sse2x2   gen() 10406 MB/s
[   14.235868] raid6: sse2x2   xor()  7569 MB/s
[   14.291649] raid6: sse2x4   gen() 10613 MB/s
[   14.351716] raid6: sse2x4   xor()  6544 MB/s
[   14.352481] raid6: using algorithm sse2x4 gen() 10613 MB/s
[   14.353337] raid6: .... xor() 6544 MB/s, rmw enabled
[   14.354128] raid6: using ssse3x2 recovery algorithm
[   14.358778] xor: measuring software checksum speed
[   14.400079]    prefetch64-sse: 13725.000 MB/sec
[   14.440075]    generic_sse: 12129.000 MB/sec
[   14.441006] xor: using function: prefetch64-sse (13725.000 MB/sec)
[   14.446070] async_tx: api initialized (async)
done.
Begin: Running /scripts/init-premount ... done.
Begin: Mounting root file system ... Begin: Running /scripts/local-top ... done.
Begin: Running /scripts/local-premount ... [   14.516687] Btrfs loaded, crc32c=crc32c-intel
Scanning for Btrfs filesystems
done.
Warning: fsck not present, so skipping root file system
[   14.594933] EXT4-fs (sda1): mounted filesystem with ordered data mode. Opts: (null)
done.
Begin: Running /scripts/local-bottom ... done.
Begin: Running /scripts/init-bottom ... done.
[   15.808494] ip_tables: (C) 2000-2006 Netfilter Core Team
[   15.909950] systemd[1]: systemd 237 running in system mode. (+PAM +AUDIT +SELINUX +IMA +APPARMOR +SMACK +SYSVINIT +UTMP +LIBCRYPTSETUP +GCRYPT +GNUTLS +ACL +XZ +LZ4 +SECCOMP +BLKID +ELFUTILS +KMOD -IDN2 +IDN -PCRE2 default-hierarchy=hybrid)
[   15.917617] systemd[1]: Detected virtualization oracle.
[   15.919650] systemd[1]: Detected architecture x86-64.

Welcome to [1mUbuntu 18.04.2 LTS[0m!

[   15.957879] systemd[1]: Set hostname to <ubuntu>.
[   15.988058] systemd[1]: Initializing machine ID from random generator.
[   15.990522] systemd[1]: Installed transient /etc/machine-id file.
[   17.020090] random: crng init done
[   17.021640] random: 7 urandom warning(s) missed due to ratelimiting
[   17.474491] systemd[1]: Reached target Swap.
[[0;32m  OK  [0m] Reached target Swap.
[   17.480232] systemd[1]: Created slice System Slice.
[[0;32m  OK  [0m] Created slice System Slice.
[   17.483464] systemd[1]: Listening on Network Service Netlink Socket.
[[0;32m  OK  [0m] Listening on Network Service Netlink Socket.
[   17.487347] systemd[1]: Listening on udev Kernel Socket.
[[0;32m  OK  [0m] Listening on udev Kernel Socket.
[[0;32m  OK  [0m] Listening on Device-mapper event daemon FIFOs.
[[0;32m  OK  [0m] Listening on Journal Socket.
[[0;32m  OK  [0m] Listening on LVM2 metadata daemon socket.
[[0;32m  OK  [0m] Set up automount Arbitrary Executab…rmats File System Automount Point.
[[0;32m  OK  [0m] Listening on udev Control Socket.
[[0;32m  OK  [0m] Created slice User and Session Slice.
[[0;32m  OK  [0m] Listening on Syslog Socket.
[[0;32m  OK  [0m] Created slice system-serial\x2dgetty.slice.
[[0;32m  OK  [0m] Started Forward Password Requests to Wall Directory Watch.
[[0;32m  OK  [0m] Reached target User and Group Name Lookups.
         Starting Load Kernel Modules...
[[0;32m  OK  [0m] Reached target Slices.
         Starting Remount Root and Kernel File Systems...
         Mounting POSIX Message Queue File System...
[[0;32m  OK  [0m] Reached target System Time Synchronized.
[[0;32m  OK  [0m] Listening on Journal Audit Socket.
         Starting Create list of required st…ce nodes for the current kernel...
         Starting udev Coldplug all Devices...
[[0;32m  OK  [0m] Listening on LVM2 poll daemon socket.
[[0;32m  OK  [0m] Listening on /dev/initctl Compatibility Named Pipe.
         Starting Uncomplicated firewall...
[[0;32m  OK  [0m] Listening on Journal Socket (/dev/log).
         Starting Journal Service...
         Mounting Kernel Debug File System...
         Mounting Huge Pages File System...
         Starting Monitoring of LVM2 mirrors…ng dmeventd or progress polling...
         Starting Set the console keyboard layout...
[   17.598475] Loading iSCSI transport class v2.0-870.
[   17.617421] iscsi: registered transport (tcp)
[[0;32m  OK  [0m] Started Create list of required sta…vice nodes for the current kernel.
         Starting Create Static Device Nodes in /dev...
[[0;32m  OK  [0m] Started Uncomplicated firewall.
[[0;32m  OK  [0m] Started udev Coldplug all Devices.
[[0;32m  OK  [0m] Started Journal Service.
[   18.533847] iscsi: registered transport (iser)
[[0;32m  OK  [0m] Started Load Kernel Modules.
         Mounting Kernel Configuration File System...
         Starting Apply Kernel Variables...
         Mounting FUSE Control File System...
[[0;32m  OK  [0m] Started Create Static Device Nodes in /dev.
[[0;32m  OK  [0m] Started Apply Kernel Variables.
[[0;32m  OK  [0m] Mounted Kernel Configuration File System.
[[0;32m  OK  [0m] Started Remount Root and Kernel File Systems.
[[0;32m  OK  [0m] Mounted POSIX Message Queue File System.
[[0;32m  OK  [0m] Mounted Kernel Debug File System.
[[0;32m  OK  [0m] Mounted Huge Pages File System.
[[0;32m  OK  [0m] Mounted FUSE Control File System.
         Starting udev Kernel Device Manager...
         Starting Load/Save Random Seed...
         Starting Flush Journal to Persistent Storage...
[[0;32m  OK  [0m] Started LVM2 metadata daemon.
[[0;32m  OK  [0m] Started Set the console keyboard layout.
[[0;32m  OK  [0m] Started Load/Save Random Seed.
[[0;32m  OK  [0m] Started udev Kernel Device Manager.
[[0;32m  OK  [0m] Started Dispatch Password Requests to Console Directory Watch.
[[0;32m  OK  [0m] Reached target Local Encrypted Volumes.
[[0;32m  OK  [0m] Started Monitoring of LVM2 mirrors,…sing dmeventd or progress polling.
[[0;32m  OK  [0m] Reached target Local File Systems (Pre).
[[0;32m  OK  [0m] Reached target Local File Systems.
         Starting Commit a transient machine-id on disk...
         Starting Set console font and keymap...
         Starting Tell Plymouth To Write Out Runtime Data...
         Starting ebtables ruleset management...
         Starting AppArmor initialization...
[[0;32m  OK  [0m] Started Flush Journal to Persistent Storage.
         Starting Create Volatile Files and Directories...
[[0;32m  OK  [0m] Started Set console font and keymap.
[[0;32m  OK  [0m] Started Tell Plymouth To Write Out Runtime Data.
[[0;32m  OK  [0m] Started Create Volatile Files and Directories.
         Starting Update UTMP about System Boot/Shutdown...
[[0;32m  OK  [0m] Started Update UTMP about System Boot/Shutdown.
[[0;32m  OK  [0m] Started Commit a transient machine-id on disk.
[[0;32m  OK  [0m] Started ebtables ruleset management.
[[0;32m  OK  [0m] Found device /dev/ttyS0.
[[0;32m  OK  [0m] Listening on Load/Save RF Kill Switch Status /dev/rfkill Watch.
[[0;32m  OK  [0m] Started AppArmor initialization.
         Starting Initial cloud-init job (pre-networking)...
[   28.405108] cloud-init[515]: Cloud-init v. 19.1-1-gbaa47854-0ubuntu1~18.04.1 running 'init-local' at Mon, 31 Aug 2020 21:16:24 +0000. Up 27.63 seconds.
[[0;32m  OK  [0m] Started Initial cloud-init job (pre-networking).
[[0;32m  OK  [0m] Reached target Network (Pre).
         Starting Network Service...
[[0;32m  OK  [0m] Started Network Service.
         Starting Wait for Network to be Configured...
         Starting Network Name Resolution...
[[0;32m  OK  [0m] Started Network Name Resolution.
[[0;32m  OK  [0m] Reached target Network.
[[0;32m  OK  [0m] Reached target Host and Network Name Lookups.
[[0;32m  OK  [0m] Started Wait for Network to be Configured.
         Starting Initial cloud-init job (metadata service crawler)...
[   30.921310] cloud-init[643]: Cloud-init v. 19.1-1-gbaa47854-0ubuntu1~18.04.1 running 'init' at Mon, 31 Aug 2020 21:16:27 +0000. Up 30.68 seconds.
[   30.923498] cloud-init[643]: ci-info: ++++++++++++++++++++++++++++++++++++++Net device info++++++++++++++++++++++++++++++++++++++
[   30.927429] cloud-init[643]: ci-info: +--------+-------+---------------------------+---------------+--------+-------------------+
[   30.930719] cloud-init[643]: ci-info: | Device |   Up  |          Address          |      Mask     | Scope  |     Hw-Address    |
[   30.932537] cloud-init[643]: ci-info: +--------+-------+---------------------------+---------------+--------+-------------------+
[   30.934507] cloud-init[643]: ci-info: | enp0s3 |  True |         10.0.2.15         | 255.255.255.0 | global | 02:44:a0:33:03:e1 |
[   30.936703] cloud-init[643]: ci-info: | enp0s3 |  True | fe80::44:a0ff:fe33:3e1/64 |       .       |  link  | 02:44:a0:33:03:e1 |
[   30.938643] cloud-init[643]: ci-info: | enp0s8 | False |             .             |       .       |   .    | 08:00:27:60:3d:fa |
[   30.940347] cloud-init[643]: ci-info: | enp0s9 | False |             .             |       .       |   .    | 08:00:27:68:4f:6a |
[   30.942568] cloud-init[643]: ci-info: |   lo   |  True |         127.0.0.1         |   255.0.0.0   |  host  |         .         |
[   30.944783] cloud-init[643]: ci-info: |   lo   |  True |          ::1/128          |       .       |  host  |         .         |
[   30.947150] cloud-init[643]: ci-info: +--------+-------+---------------------------+---------------+--------+-------------------+
[   30.949481] cloud-init[643]: ci-info: ++++++++++++++++++++++++++++Route IPv4 info+++++++++++++++++++++++++++++
[   30.951423] cloud-init[643]: ci-info: +-------+-------------+----------+-----------------+-----------+-------+
[   30.953412] cloud-init[643]: ci-info: | Route | Destination | Gateway  |     Genmask     | Interface | Flags |
[   30.955395] cloud-init[643]: ci-info: +-------+-------------+----------+-----------------+-----------+-------+
[   30.957228] cloud-init[643]: ci-info: |   0   |   0.0.0.0   | 10.0.2.2 |     0.0.0.0     |   enp0s3  |   UG  |
[   30.959153] cloud-init[643]: ci-info: |   1   |   10.0.2.0  | 0.0.0.0  |  255.255.255.0  |   enp0s3  |   U   |
[   30.961074] cloud-init[643]: ci-info: |   2   |   10.0.2.2  | 0.0.0.0  | 255.255.255.255 |   enp0s3  |   UH  |
[   30.962941] cloud-init[643]: ci-info: +-------+-------------+----------+-----------------+-----------+-------+
[   30.964825] cloud-init[643]: ci-info: +++++++++++++++++++Route IPv6 info+++++++++++++++++++
[   30.966418] cloud-init[643]: ci-info: +-------+-------------+---------+-----------+-------+
[   30.968149] cloud-init[643]: ci-info: | Route | Destination | Gateway | Interface | Flags |
[   30.969821] cloud-init[643]: ci-info: +-------+-------------+---------+-----------+-------+
[   30.971524] cloud-init[643]: ci-info: |   1   |  fe80::/64  |    ::   |   enp0s3  |   U   |
[   30.973223] cloud-init[643]: ci-info: |   3   |    local    |    ::   |   enp0s3  |   U   |
[   30.974986] cloud-init[643]: ci-info: |   4   |   ff00::/8  |    ::   |   enp0s3  |   U   |
[   30.976528] cloud-init[643]: ci-info: +-------+-------------+---------+-----------+-------+
[   33.198606] cloud-init[643]: Generating public/private rsa key pair.
[   33.200024] cloud-init[643]: Your identification has been saved in /etc/ssh/ssh_host_rsa_key.
[   33.201461] cloud-init[643]: Your public key has been saved in /etc/ssh/ssh_host_rsa_key.pub.
[   33.202890] cloud-init[643]: The key fingerprint is:
[   33.204481] cloud-init[643]: SHA256:6hieMHeeNzj6bMp6V/3mU9tN31sGoQq4T969U7sxW98 root@ubuntu-bionic
[   33.205945] cloud-init[643]: The key's randomart image is:
[   33.206934] cloud-init[643]: +---[RSA 2048]----+
[   33.207843] cloud-init[643]: |                 |
[   33.208565] cloud-init[643]: |                 |
[   33.209348] cloud-init[643]: |              .  |
[   33.210082] cloud-init[643]: |       .     . . |
[   33.210867] cloud-init[643]: |      . S.  . .  |
[   33.211588] cloud-init[643]: |       o....  o..|
[   33.212352] cloud-init[643]: |  o o +o. .. oo=B|
[   33.213039] cloud-init[643]: |   *.O==o. .= o*O|
[   33.213805] cloud-init[643]: |  .oB**oo..o++ooE|
[   33.214466] cloud-init[643]: +----[SHA256]-----+
[   33.215268] cloud-init[643]: Generating public/private dsa key pair.
[   33.216304] cloud-init[643]: Your identification has been saved in /etc/ssh/ssh_host_dsa_key.
[   33.217344] cloud-init[643]: Your public key has been saved in /etc/ssh/ssh_host_dsa_key.pub.
[   33.218465] cloud-init[643]: The key fingerprint is:
[   33.219183] cloud-init[643]: SHA256:ZRHBdefnWlQsuIzeOf5WcSF8jyRzGxh0I/Cg5lbK57g root@ubuntu-bionic
[   33.220548] cloud-init[643]: The key's randomart image is:
[   33.221387] cloud-init[643]: +---[DSA 1024]----+
[   33.222082] cloud-init[643]: |         .***++.o|
[   33.222802] cloud-init[643]: |         ..+=*=*o|
[   33.223544] cloud-init[643]: |        o +o.*o=*|
[   33.224359] cloud-init[643]: |       + =. o o++|
[   33.225137] cloud-init[643]: |        S... .  =|
[   33.225887] cloud-init[643]: |       . +. +  o.|
[   33.226611] cloud-init[643]: |        . .. ... |
[   33.227362] cloud-init[643]: |         .  . .  |
[   33.228123] cloud-init[643]: |        E    o.  |
[   33.228948] cloud-init[643]: +----[SHA256]-----+
[   33.229707] cloud-init[643]: Generating public/private ecdsa key pair.
[   33.230689] cloud-init[643]: Your identification has been saved in /etc/ssh/ssh_host_ecdsa_key.
[   33.232062] cloud-init[643]: Your public key has been saved in /etc/ssh/ssh_host_ecdsa_key.pub.
[   33.233245] cloud-init[643]: The key fingerprint is:
[   33.233947] cloud-init[643]: SHA256:pEaQbzKJVckJRXcwy5ZPQCZuB+iM8xTEbnrPKzgzunQ root@ubuntu-bionic
[   33.235247] cloud-init[643]: The key's randomart image is:
[   33.236022] cloud-init[643]: +---[ECDSA 256]---+
[   33.236727] cloud-init[643]: |   o+O*+B..      |
[   33.237484] cloud-init[643]: |    *o+* *       |
[   33.238143] cloud-init[643]: |   B ++ B .      |
[   33.238902] cloud-init[643]: |  + Xoo= o       |
[   33.239640] cloud-init[643]: |   * +o S .      |
[   33.240474] cloud-init[643]: |  . o.           |
[   33.241166] cloud-init[643]: | . E o           |
[   33.241811] cloud-init[643]: |. * . o          |
[   33.242586] cloud-init[643]: |oo + ...         |
[   33.243251] cloud-init[643]: +----[SHA256]-----+
[   33.243981] cloud-init[643]: Generating public/private ed25519 key pair.
[   33.244914] cloud-init[643]: Your identification has been saved in /etc/ssh/ssh_host_ed25519_key.
[   33.246009] cloud-init[643]: Your public key has been saved in /etc/ssh/ssh_host_ed25519_key.pub.
[   33.247176] cloud-init[643]: The key fingerprint is:
[   33.248054] cloud-init[643]: SHA256:+V2Lx4PkJlNPn6udyWePmIlufBEewHteEeqcS9MahTY root@ubuntu-bionic
[   33.249271] cloud-init[643]: The key's randomart image is:
[   33.260430] cloud-init[643]: +--[ED25519 256]--+
[   33.261203] cloud-init[643]: |         .    .. |
[   33.261939] cloud-init[643]: |          o  o.  |
[   33.262692] cloud-init[643]: |           oE .. |
[   33.263371] cloud-init[643]: |         ..++=.  |
[   33.264223] cloud-init[643]: |        S  +X++  |
[   33.264924] cloud-init[643]: |         . *+% o.|
[   33.265587] cloud-init[643]: |         .+ O.*..|
[   33.266502] cloud-init[643]: |          o=.=oo*|
[   33.267228] cloud-init[643]: |         oo.+.oB+|
[   33.267964] cloud-init[643]: +----[SHA256]-----+
[[0;32m  OK  [0m] Started Initial cloud-init job (metadata service crawler).
[[0;32m  OK  [0m] Reached target System Initialization.
[[0;32m  OK  [0m] Started ACPI Events Check.
[[0;32m  OK  [0m] Reached target Paths.
[[0;32m  OK  [0m] Started Daily Cleanup of Temporary Directories.
[[0;32m  OK  [0m] Listening on Open-iSCSI iscsid Socket.
[[0;32m  OK  [0m] Listening on D-Bus System Message Bus Socket.
[[0;32m  OK  [0m] Listening on ACPID Listen Socket.
[[0;32m  OK  [0m] Started Message of the Day.
[[0;32m  OK  [0m] Listening on UUID daemon activation socket.
         Starting Socket activation for snappy daemon.
[[0;32m  OK  [0m] Started Daily apt download activities.
[[0;32m  OK  [0m] Started Daily apt upgrade and clean activities.
[[0;32m  OK  [0m] Started Discard unused blocks once a week.
[[0;32m  OK  [0m] Reached target Timers.
         Starting LXD - unix socket.
[[0;32m  OK  [0m] Reached target Network is Online.
[[0;32m  OK  [0m] Reached target Remote File Systems (Pre).
[[0;32m  OK  [0m] Reached target Remote File Systems.
         Starting Availability of block devices...
[[0;32m  OK  [0m] Reached target Cloud-config availability.
[[0;32m  OK  [0m] Listening on Socket activation for snappy daemon.
[[0;32m  OK  [0m] Listening on LXD - unix socket.
[[0;32m  OK  [0m] Reached target Sockets.
[[0;32m  OK  [0m] Reached target Basic System.
         Starting LXD - container startup/shutdown...
[[0;32m  OK  [0m] Started Regular background program processing daemon.
         Starting Permit User Sessions...
         Starting Pollinate to seed the pseudo random number generator...
         Starting System Logging Service...
         Starting LSB: Record successful boot for GRUB...
         Starting Virtualbox guest utils...
[[0;32m  OK  [0m] Started D-Bus System Message Bus.
         Starting Accounts Service...
         Starting Login Service...
         Starting Dispatcher daemon for systemd-networkd...
[[0;32m  OK  [0m] Started FUSE filesystem for LXC.
[[0;32m  OK  [0m] Started Deferred execution scheduler.
         Starting LSB: automatic crash report generation...
[[0;32m  OK  [0m] Started irqbalance daemon.
         Starting Snappy daemon...
[[0;32m  OK  [0m] Started System Logging Service.
[[0;32m  OK  [0m] Started Availability of block devices.
[[0;32m  OK  [0m] Started Permit User Sessions.
[[0;32m  OK  [0m] Started Login Service.
         Starting Authorization Manager...
[[0;32m  OK  [0m] Started Unattended Upgrades Shutdown.
         Starting Terminate Plymouth Boot Screen...
         Starting Hold until boot process finishes up...
[[0;32m  OK  [0m] Started Hold until boot process finishes up.
[[0;32m  OK  [0m] Started Terminate Plymouth Boot Screen.
         Starting Set console scheme...
[[0;32m  OK  [0m] Started Serial Getty on ttyS0.
[[0;32m  OK  [0m] Started Set console scheme.
[[0;32m  OK  [0m] Created slice system-getty.slice.
[[0;32m  OK  [0m] Started Getty on tty1.
[[0;32m  OK  [0m] Reached target Login Prompts.
[[0;32m  OK  [0m] Started LSB: automatic crash report generation.
[[0;32m  OK  [0m] Started LSB: Record successful boot for GRUB.
[[0;32m  OK  [0m] Started Authorization Manager.
[[0;32m  OK  [0m] Started Accounts Service.
[[0;32m  OK  [0m] Started Virtualbox guest utils.
[[0;32m  OK  [0m] Started Dispatcher daemon for systemd-networkd.
[[0;32m  OK  [0m] Started LXD - container startup/shutdown.
[[0;32m  OK  [0m] Started Snappy daemon.
         Starting Wait until snapd is fully seeded...
[[0;32m  OK  [0m] Started Pollinate to seed the pseudo random number generator.
         Starting OpenBSD Secure Shell server...
[[0;32m  OK  [0m] Started OpenBSD Secure Shell server.

Ubuntu 18.04.2 LTS ubuntu-bionic ttyS0

ubuntu-bionic login: [   50.602426] cloud-init[1696]: Cloud-init v. 19.1-1-gbaa47854-0ubuntu1~18.04.1 running 'modules:config' at Mon, 31 Aug 2020 21:16:45 +0000. Up 48.99 seconds.
ci-info: no authorized ssh keys fingerprints found for user ubuntu.
<14>Aug 31 21:16:48 ec2: 
<14>Aug 31 21:16:48 ec2: #############################################################
<14>Aug 31 21:16:48 ec2: -----BEGIN SSH HOST KEY FINGERPRINTS-----
<14>Aug 31 21:16:48 ec2: 1024 SHA256:ZRHBdefnWlQsuIzeOf5WcSF8jyRzGxh0I/Cg5lbK57g root@ubuntu-bionic (DSA)
<14>Aug 31 21:16:48 ec2: 256 SHA256:pEaQbzKJVckJRXcwy5ZPQCZuB+iM8xTEbnrPKzgzunQ root@ubuntu-bionic (ECDSA)
<14>Aug 31 21:16:48 ec2: 256 SHA256:+V2Lx4PkJlNPn6udyWePmIlufBEewHteEeqcS9MahTY root@ubuntu-bionic (ED25519)
<14>Aug 31 21:16:48 ec2: 2048 SHA256:6hieMHeeNzj6bMp6V/3mU9tN31sGoQq4T969U7sxW98 root@ubuntu-bionic (RSA)
<14>Aug 31 21:16:48 ec2: -----END SSH HOST KEY FINGERPRINTS-----
<14>Aug 31 21:16:48 ec2: #############################################################
-----BEGIN SSH HOST KEY KEYS-----
ecdsa-sha2-nistp256 AAAAE2VjZHNhLXNoYTItbmlzdHAyNTYAAAAIbmlzdHAyNTYAAABBBPhZQbnhT7JLQoHgEmLSx4qCfuQbRhgcgn6q8A3G84B/iZwG2aYGL5lqcEzB65jJFG6+FRnINQp4aT5V3GDjG3k= root@ubuntu-bionic
ssh-ed25519 AAAAC3NzaC1lZDI1NTE5AAAAILp+CJGmnWlR4oGcPV/eRFdnsfr9/0TcQe23jUJ+/OfD root@ubuntu-bionic
ssh-rsa AAAAB3NzaC1yc2EAAAADAQABAAABAQDldASncDum+r7ypbpfjWMvtU+kBMOqZNPilj2cw2uuehU9W9cQB6NGgWd6KaOCuVRFJXaB+Oau783grffd98NzwrM/73O16Dh+1TGG+KJ5rnB4vZjRnhXGuEgYPr+N53vaenAI2xeSJQrsICm7OeQHITRJMJIM1vZw6dpZl7qOFVLZTS4cQ4gYT1t+QWLUHYBUg4D0NJT8i/uNoxAkB9wPbmTKMiGJJ1lreuiu/zmOTGBzU4Fe54ZfITJWvG1Ni6N4y+rGDG8BzUZKFroJlSXp2hh97FRt99hFuIUE76DxJrbiaup27oqLJWcuUVB6nJABXG5pJqw35UGNxptqnIUz root@ubuntu-bionic
-----END SSH HOST KEY KEYS-----
[   51.384353] cloud-init[1936]: Cloud-init v. 19.1-1-gbaa47854-0ubuntu1~18.04.1 running 'modules:final' at Mon, 31 Aug 2020 21:16:48 +0000. Up 51.16 seconds.
[   51.386389] cloud-init[1936]: ci-info: no authorized ssh keys fingerprints found for user ubuntu.
[   51.387513] cloud-init[1936]: Cloud-init v. 19.1-1-gbaa47854-0ubuntu1~18.04.1 finished at Mon, 31 Aug 2020 21:16:48 +0000. Datasource DataSourceNoCloud [seed=/dev/sdb][dsmode=net].  Up 51.37 seconds
[[0;32m  OK  [0m] Stopped target Graphical Interface.
         Stopping Session 15 of user vagrant.
         Stopping Authorization Manager...
[[0;32m  OK  [0m] Stopped target Cloud-init target.
[[0;32m  OK  [0m] Stopped target Timers.
[[0;32m  OK  [0m] Stopped Daily apt upgrade and clean activities.
[[0;32m  OK  [0m] Stopped Message of the Day.
[[0;32m  OK  [0m] Stopped Execute cloud user/final scripts.
         Stopping Availability of block devices...
[[0;32m  OK  [0m] Closed Load/Save RF Kill Switch Status /dev/rfkill Watch.
[[0;32m  OK  [0m] Stopped Discard unused blocks once a week.
[[0;32m  OK  [0m] Stopped target Multi-User System.
         Stopping A high performance web server and a reverse proxy server...
         Stopping LXD - container startup/shutdown...
         Stopping LSB: automatic crash report generation...
         Stopping D-Bus System Message Bus...
         Stopping containerd container runtime...
         Stopping Regular background program processing daemon...
         Stopping FUSE filesystem for LXC...
         Stopping OpenBSD Secure Shell server...
         Stopping irqbalance daemon...
         Stopping Unattended Upgrades Shutdown...
         Stopping Deferred execution scheduler...
         Stopping Dispatcher daemon for systemd-networkd...
         Stopping LSB: Record successful boot for GRUB...
         Stopping Accounts Service...
         Stopping Ubuntu FAN network setup...
[[0;32m  OK  [0m] Stopped Daily Cleanup of Temporary Directories.
[[0;32m  OK  [0m] Stopped Apply the settings specified in cloud-config.
[[0;32m  OK  [0m] Stopped target Cloud-config availability.
[[0;32m  OK  [0m] Stopped Wait until snapd is fully seeded.
[[0;32m  OK  [0m] Stopped target Host and Network Name Lookups.
         Stopping User Manager for UID 1000...
[[0;32m  OK  [0m] Stopped target Login Prompts.
         Stopping Getty on tty1...
         Stopping Serial Getty on ttyS0...
[[0;32m  OK  [0m] Stopped Daily apt download activities.
[[0;32m  OK  [0m] Stopped target System Time Synchronized.
         Stopping Virtualbox guest utils...
         Stopping System Logging Service...
[[0;32m  OK  [0m] Unmounted /var/lib/lxcfs.
[[0;32m  OK  [0m] Stopped Regular background program processing daemon.
[[0;32m  OK  [0m] Stopped Accounts Service.
[[0;32m  OK  [0m] Stopped System Logging Service.
[[0;32m  OK  [0m] Stopped Dispatcher daemon for systemd-networkd.
[[0;32m  OK  [0m] Stopped Deferred execution scheduler.
[[0;32m  OK  [0m] Stopped irqbalance daemon.
[[0;32m  OK  [0m] Stopped Authorization Manager.
[[0;32m  OK  [0m] Stopped Unattended Upgrades Shutdown.
[[0;32m  OK  [0m] Stopped Serial Getty on ttyS0.
[[0;32m  OK  [0m] Stopped Getty on tty1.
[[0;32m  OK  [0m] Stopped OpenBSD Secure Shell server.
[[0;32m  OK  [0m] Stopped containerd container runtime.
[[0;32m  OK  [0m] Stopped User Manager for UID 1000.
[[0;32m  OK  [0m] Stopped D-Bus System Message Bus.
[[0;32m  OK  [0m] Stopped Session 15 of user vagrant.
[[0;32m  OK  [0m] Stopped Availability of block devices.
[[0;32m  OK  [0m] Stopped FUSE filesystem for LXC.
[[0;32m  OK  [0m] Stopped A high performance web server and a reverse proxy server.
[[0;32m  OK  [0m] Removed slice User Slice of vagrant.
[[0;32m  OK  [0m] Removed slice system-getty.slice.
[[0;32m  OK  [0m] Removed slice system-serial\x2dgetty.slice.
         Stopping Permit User Sessions...
         Stopping Login Service...
[[0;32m  OK  [0m] Stopped LXD - container startup/shutdown.
[[0;32m  OK  [0m] Stopped Permit User Sessions.
[[0;32m  OK  [0m] Stopped Ubuntu FAN network setup.
[[0;32m  OK  [0m] Stopped target Network is Online.
[[0;32m  OK  [0m] Stopped target Network.
         Stopping Network Name Resolution...
[[0;32m  OK  [0m] Stopped Login Service.
[[0;32m  OK  [0m] Stopped Network Name Resolution.
         Stopping Network Service...
[[0;32m  OK  [0m] Stopped target User and Group Name Lookups.
[[0;32m  OK  [0m] Stopped LSB: Record successful boot for GRUB.
[[0;32m  OK  [0m] Stopped LSB: automatic crash report generation.
[[0;32m  OK  [0m] Stopped target Remote File Systems.
[[0;32m  OK  [0m] Stopped target Remote File Systems (Pre).
[[0;32m  OK  [0m] Stopped Virtualbox guest utils.
[[0;32m  OK  [0m] Stopped target Basic System.
[[0;32m  OK  [0m] Stopped target Sockets.
[[0;32m  OK  [0m] Closed ACPID Listen Socket.
[[0;32m  OK  [0m] Closed Socket activation for snappy daemon.
[[0;32m  OK  [0m] Closed Syslog Socket.
[[0;32m  OK  [0m] Closed LXD - unix socket.
[[0;32m  OK  [0m] Closed D-Bus System Message Bus Socket.
[[0;32m  OK  [0m] Closed UUID daemon activation socket.
[[0;32m  OK  [0m] Closed Open-iSCSI iscsid Socket.
[[0;32m  OK  [0m] Closed Docker Socket for the API.
[[0;32m  OK  [0m] Stopped target Paths.
[[0;32m  OK  [0m] Stopped ACPI Events Check.
[[0;32m  OK  [0m] Stopped target System Initialization.
[[0;32m  OK  [0m] Stopped Commit a transient machine-id on disk.
[[0;32m  OK  [0m] Stopped Initial cloud-init job (metadata service crawler).
         Stopping Load/Save Random Seed...
         Stopping Update UTMP about System Boot/Shutdown...
[[0;32m  OK  [0m] Stopped target Local Encrypted Volumes.
[[0;32m  OK  [0m] Stopped Forward Password Requests to Wall Directory Watch.
[[0;32m  OK  [0m] Stopped Dispatch Password Requests to Console Directory Watch.
[[0;32m  OK  [0m] Stopped target Slices.
[[0;32m  OK  [0m] Removed slice User and Session Slice.
[[0;32m  OK  [0m] Stopped Network Service.
[[0;32m  OK  [0m] Stopped Apply Kernel Variables.
[[0;32m  OK  [0m] Stopped Load Kernel Modules.
[[0;32m  OK  [0m] Stopped target Network (Pre).
[[0;32m  OK  [0m] Stopped Initial cloud-init job (pre-networking).
[[0;32m  OK  [0m] Stopped Update UTMP about System Boot/Shutdown.
[[0;32m  OK  [0m] Stopped Create Volatile Files and Directories.
[[0;32m  OK  [0m] Stopped target Local File Systems.
         Unmounting /run/user/1000...
         Unmounting /vagrant...
[[0;32m  OK  [0m] Stopped Load/Save Random Seed.
[[0;32m  OK  [0m] Unmounted /run/user/1000.
[[0;32m  OK  [0m] Unmounted /vagrant.
[[0;32m  OK  [0m] Reached target Unmount All Filesystems.
[[0;32m  OK  [0m] Stopped target Local File Systems (Pre).
[[0;32m  OK  [0m] Stopped Create Static Device Nodes in /dev.
         Stopping Monitoring of LVM2 mirrors…ng dmeventd or progress polling...
[[0;32m  OK  [0m] Stopped Remount Root and Kernel File Systems.
[[0;32m  OK  [0m] Stopped target Swap.
[[0;32m  OK  [0m] Reached target Shutdown.
[[0;32m  OK  [0m] Reached target Final Step.
         Starting Power-Off...
[  810.542504] reboot: Power down
